<?xml version="1.0" encoding="UTF-8"?>
<coverage generated="1638450283687" clover="3.2.0">
  <project timestamp="1638450283688" name="All files">
    <metrics statements="124" coveredstatements="106" conditionals="32" coveredconditionals="20" methods="54" coveredmethods="45" elements="210" coveredelements="171" complexity="0" loc="124" ncloc="124" packages="4" files="4" classes="4"/>
    <package name="todo-data-storage">
      <metrics statements="37" coveredstatements="25" conditionals="10" coveredconditionals="6" methods="11" coveredmethods="7"/>
      <file name="app.js" path="C:\Users\b1018235\Documents\sample_code\handson_nodejs\hands-on-nodejs\todo-data-storage\app.js">
        <metrics statements="37" coveredstatements="25" conditionals="10" coveredconditionals="6" methods="11" coveredmethods="7"/>
        <line num="2" count="1" type="stmt"/>
        <line num="3" count="1" type="stmt"/>
        <line num="4" count="1" type="stmt"/>
        <line num="6" count="1" type="stmt"/>
        <line num="7" count="1" type="stmt"/>
        <line num="9" count="1" type="stmt"/>
        <line num="10" count="5" type="cond" truecount="2" falsecount="0"/>
        <line num="11" count="2" type="stmt"/>
        <line num="13" count="3" type="stmt"/>
        <line num="14" count="3" type="stmt"/>
        <line num="17" count="1" type="stmt"/>
        <line num="18" count="4" type="stmt"/>
        <line num="19" count="4" type="cond" truecount="2" falsecount="0"/>
        <line num="20" count="2" type="stmt"/>
        <line num="21" count="2" type="stmt"/>
        <line num="22" count="2" type="stmt"/>
        <line num="24" count="2" type="stmt"/>
        <line num="25" count="2" type="stmt"/>
        <line num="29" count="2" type="stmt"/>
        <line num="30" count="0" type="stmt"/>
        <line num="32" count="0" type="cond" truecount="0" falsecount="2"/>
        <line num="33" count="0" type="stmt"/>
        <line num="35" count="0" type="stmt"/>
        <line num="36" count="0" type="stmt"/>
        <line num="37" count="0" type="stmt"/>
        <line num="42" count="1" type="stmt"/>
        <line num="46" count="1" type="stmt"/>
        <line num="47" count="0" type="stmt"/>
        <line num="48" count="0" type="cond" truecount="0" falsecount="2"/>
        <line num="49" count="0" type="stmt"/>
        <line num="51" count="0" type="stmt"/>
        <line num="52" count="0" type="stmt"/>
        <line num="53" count="0" type="stmt"/>
        <line num="57" count="1" type="stmt"/>
        <line num="58" count="5" type="stmt"/>
        <line num="59" count="5" type="cond" truecount="2" falsecount="0"/>
        <line num="62" count="1" type="stmt"/>
      </file>
    </package>
    <package name="todo-data-storage.file-system">
      <metrics statements="19" coveredstatements="19" conditionals="4" coveredconditionals="2" methods="14" coveredmethods="14"/>
      <file name="index.js" path="C:\Users\b1018235\Documents\sample_code\handson_nodejs\hands-on-nodejs\todo-data-storage\file-system\index.js">
        <metrics statements="19" coveredstatements="19" conditionals="4" coveredconditionals="2" methods="14" coveredmethods="14"/>
        <line num="2" count="2" type="stmt"/>
        <line num="3" count="2" type="stmt"/>
        <line num="5" count="2" type="stmt"/>
        <line num="6" count="21" type="stmt"/>
        <line num="7" count="59" type="stmt"/>
        <line num="8" count="21" type="stmt"/>
        <line num="10" count="38" type="stmt"/>
        <line num="15" count="10" type="stmt"/>
        <line num="16" count="18" type="stmt"/>
        <line num="18" count="14" type="stmt"/>
        <line num="20" count="2" type="stmt"/>
        <line num="21" count="3" type="stmt"/>
        <line num="22" count="3" type="stmt"/>
        <line num="24" count="2" type="stmt"/>
        <line num="28" count="2" type="stmt"/>
        <line num="30" count="1" type="cond" truecount="1" falsecount="1"/>
        <line num="35" count="15" type="stmt"/>
        <line num="37" count="14" type="stmt"/>
        <line num="38" count="1" type="cond" truecount="1" falsecount="1"/>
      </file>
    </package>
    <package name="todo-data-storage.leveldb">
      <metrics statements="29" coveredstatements="29" conditionals="6" coveredconditionals="4" methods="11" coveredmethods="11"/>
      <file name="index.js" path="C:\Users\b1018235\Documents\sample_code\handson_nodejs\hands-on-nodejs\todo-data-storage\leveldb\index.js">
        <metrics statements="29" coveredstatements="29" conditionals="6" coveredconditionals="4" methods="11" coveredmethods="11"/>
        <line num="2" count="1" type="stmt"/>
        <line num="3" count="1" type="stmt"/>
        <line num="5" count="1" type="stmt"/>
        <line num="7" count="1" type="stmt"/>
        <line num="8" count="11" type="stmt"/>
        <line num="9" count="11" type="stmt"/>
        <line num="10" count="20" type="stmt"/>
        <line num="12" count="11" type="stmt"/>
        <line num="15" count="1" type="stmt"/>
        <line num="16" count="10" type="stmt"/>
        <line num="17" count="10" type="stmt"/>
        <line num="21" count="9" type="stmt"/>
        <line num="23" count="10" type="stmt"/>
        <line num="26" count="1" type="stmt"/>
        <line num="27" count="14" type="stmt"/>
        <line num="32" count="1" type="stmt"/>
        <line num="33" count="3" type="stmt"/>
        <line num="35" count="2" type="stmt"/>
        <line num="36" count="2" type="stmt"/>
        <line num="40" count="2" type="stmt"/>
        <line num="41" count="2" type="cond" truecount="2" falsecount="0"/>
        <line num="42" count="1" type="stmt"/>
        <line num="47" count="2" type="stmt"/>
        <line num="49" count="1" type="cond" truecount="1" falsecount="1"/>
        <line num="53" count="1" type="stmt"/>
        <line num="54" count="15" type="stmt"/>
        <line num="55" count="14" type="stmt"/>
        <line num="60" count="14" type="stmt"/>
        <line num="61" count="1" type="cond" truecount="1" falsecount="1"/>
      </file>
    </package>
    <package name="todo-data-storage.sqlite">
      <metrics statements="39" coveredstatements="33" conditionals="12" coveredconditionals="8" methods="18" coveredmethods="13"/>
      <file name="index.js" path="C:\Users\b1018235\Documents\sample_code\handson_nodejs\hands-on-nodejs\todo-data-storage\sqlite\index.js">
        <metrics statements="39" coveredstatements="33" conditionals="12" coveredconditionals="8" methods="18" coveredmethods="13"/>
        <line num="2" count="1" type="stmt"/>
        <line num="3" count="1" type="stmt"/>
        <line num="4" count="1" type="cond" truecount="1" falsecount="1"/>
        <line num="8" count="1" type="stmt"/>
        <line num="10" count="1" type="stmt"/>
        <line num="11" count="1" type="stmt"/>
        <line num="12" count="1" type="stmt"/>
        <line num="13" count="33" type="stmt"/>
        <line num="14" count="33" type="stmt"/>
        <line num="17" count="33" type="cond" truecount="1" falsecount="1"/>
        <line num="23" count="1" type="stmt"/>
        <line num="28" count="0" type="stmt"/>
        <line num="29" count="0" type="stmt"/>
        <line num="33" count="31" type="stmt"/>
        <line num="36" count="1" type="stmt"/>
        <line num="37" count="11" type="stmt"/>
        <line num="39" count="1" type="stmt"/>
        <line num="40" count="10" type="stmt"/>
        <line num="41" count="10" type="stmt"/>
        <line num="43" count="1" type="stmt"/>
        <line num="44" count="14" type="stmt"/>
        <line num="53" count="1" type="stmt"/>
        <line num="54" count="3" type="stmt"/>
        <line num="55" count="3" type="stmt"/>
        <line num="56" count="3" type="stmt"/>
        <line num="57" count="6" type="cond" truecount="2" falsecount="0"/>
        <line num="58" count="3" type="stmt"/>
        <line num="59" count="3" type="stmt"/>
        <line num="62" count="3" type="stmt"/>
        <line num="63" count="3" type="stmt"/>
        <line num="64" count="3" type="cond" truecount="2" falsecount="0"/>
        <line num="70" count="15" type="stmt"/>
        <line num="71" count="15" type="cond" truecount="2" falsecount="0"/>
        <line num="75" count="0" type="stmt"/>
        <line num="76" count="0" type="stmt"/>
        <line num="77" count="0" type="stmt"/>
        <line num="80" count="0" type="cond" truecount="0" falsecount="2"/>
        <line num="87" count="1" type="stmt"/>
        <line num="88" count="1" type="stmt"/>
      </file>
    </package>
  </project>
</coverage>
